(0.001) 
            SELECT name, type FROM sqlite_master
            WHERE type in ('table', 'view') AND NOT name='sqlite_sequence'
            ORDER BY name; args=None
(0.000) SELECT "django_migrations"."app", "django_migrations"."name" FROM "django_migrations"; args=()
(0.001) SELECT COUNT(*) AS "__count" FROM "runapp_keys_list"; args=()
(0.000) SELECT "runapp_keys_list"."id", "runapp_keys_list"."num", "runapp_keys_list"."roots", "runapp_keys_list"."image_text", "runapp_keys_list"."key_words" FROM "runapp_keys_list" WHERE "runapp_keys_list"."num" = 10; args=(10,)
(0.000) SELECT COUNT(*) AS "__count" FROM "runapp_keys_list"; args=()
(0.001) SELECT "runapp_keys_list"."id", "runapp_keys_list"."num", "runapp_keys_list"."roots", "runapp_keys_list"."image_text", "runapp_keys_list"."key_words" FROM "runapp_keys_list" LIMIT 9; args=()
"GET /testik/ HTTP/1.1" 200 7114
(0.002) 
            SELECT name, type FROM sqlite_master
            WHERE type in ('table', 'view') AND NOT name='sqlite_sequence'
            ORDER BY name; args=None
(0.001) SELECT "django_migrations"."app", "django_migrations"."name" FROM "django_migrations"; args=()
(0.001) SELECT COUNT(*) AS "__count" FROM "runapp_keys_list"; args=()
(0.001) SELECT "runapp_keys_list"."id", "runapp_keys_list"."num", "runapp_keys_list"."roots", "runapp_keys_list"."image_text", "runapp_keys_list"."key_words" FROM "runapp_keys_list" WHERE "runapp_keys_list"."num" = 9; args=(9,)
(0.000) BEGIN; args=None
(0.005) DELETE FROM "runapp_keys_list" WHERE "runapp_keys_list"."num" = 9; args=(9,)
(0.001) SELECT COUNT(*) AS "__count" FROM "runapp_keys_list"; args=()
(0.001) SELECT "runapp_keys_list"."id", "runapp_keys_list"."num", "runapp_keys_list"."roots", "runapp_keys_list"."image_text", "runapp_keys_list"."key_words" FROM "runapp_keys_list" LIMIT 8; args=()
"GET /testik/ HTTP/1.1" 200 6480
(0.002) SELECT COUNT(*) AS "__count" FROM "runapp_keys_list"; args=()
(0.002) SELECT "runapp_keys_list"."id", "runapp_keys_list"."num", "runapp_keys_list"."roots", "runapp_keys_list"."image_text", "runapp_keys_list"."key_words" FROM "runapp_keys_list" WHERE "runapp_keys_list"."num" = 9 LIMIT 21; args=(9,)
(0.001) SELECT "runapp_keys_list"."id", "runapp_keys_list"."num", "runapp_keys_list"."roots", "runapp_keys_list"."image_text", "runapp_keys_list"."key_words" FROM "runapp_keys_list" WHERE "runapp_keys_list"."num" = 9; args=(9,)
(0.001) SELECT COUNT(*) AS "__count" FROM "runapp_keys_list"; args=()
(0.001) SELECT "runapp_keys_list"."id", "runapp_keys_list"."num", "runapp_keys_list"."roots", "runapp_keys_list"."image_text", "runapp_keys_list"."key_words" FROM "runapp_keys_list" LIMIT 8; args=()
"GET /testik/ HTTP/1.1" 200 6480
